{
  "RSpec": {
    "coverage": {
      "/Users/ianderse/Dropbox/Projects/Turing/Section_3/opentherapistdirectory/config/environment.rb": [
        null,
        1,
        null,
        null,
        1,
        null
      ],
      "/Users/ianderse/Dropbox/Projects/Turing/Section_3/opentherapistdirectory/config/application.rb": [
        1,
        null,
        1,
        null,
        1,
        null,
        1,
        1,
        null,
        null,
        null
      ],
      "/Users/ianderse/Dropbox/Projects/Turing/Section_3/opentherapistdirectory/config/boot.rb": [
        null,
        1,
        null,
        1
      ],
      "/Users/ianderse/Dropbox/Projects/Turing/Section_3/opentherapistdirectory/config/environments/test.rb": [
        1,
        null,
        null,
        null,
        null,
        null,
        null,
        1,
        null,
        null,
        null,
        null,
        1,
        null,
        null,
        1,
        1,
        null,
        null,
        1,
        1,
        null,
        null,
        1,
        null,
        null,
        1,
        null,
        null,
        null,
        null,
        1,
        null,
        null,
        1,
        null,
        null,
        null,
        null
      ],
      "/Users/ianderse/Dropbox/Projects/Turing/Section_3/opentherapistdirectory/config/initializers/assets.rb": [
        null,
        null,
        null,
        1,
        null,
        null,
        null,
        null
      ],
      "/Users/ianderse/Dropbox/Projects/Turing/Section_3/opentherapistdirectory/config/initializers/backtrace_silencers.rb": [
        null,
        null,
        null,
        null,
        null,
        null,
        null
      ],
      "/Users/ianderse/Dropbox/Projects/Turing/Section_3/opentherapistdirectory/config/initializers/cookies_serializer.rb": [
        null,
        null,
        1
      ],
      "/Users/ianderse/Dropbox/Projects/Turing/Section_3/opentherapistdirectory/config/initializers/devise.rb": [
        null,
        null,
        1,
        null,
        null,
        null,
        1,
        null,
        null,
        null,
        null,
        null,
        1,
        null,
        null,
        null,
        null,
        null,
        null,
        null,
        null,
        1,
        null,
        null,
        null,
        null,
        null,
        null,
        null,
        null,
        null,
        null,
        null,
        null,
        null,
        null,
        null,
        null,
        null,
        null,
        null,
        null,
        null,
        1,
        null,
        null,
        null,
        null,
        1,
        null,
        null,
        null,
        null,
        null,
        null,
        null,
        null,
        null,
        null,
        null,
        null,
        null,
        null,
        null,
        null,
        null,
        null,
        null,
        null,
        null,
        null,
        null,
        null,
        null,
        null,
        null,
        null,
        null,
        null,
        1,
        null,
        null,
        null,
        null,
        null,
        null,
        null,
        null,
        null,
        null,
        null,
        null,
        null,
        null,
        null,
        null,
        1,
        null,
        null,
        null,
        null,
        null,
        null,
        null,
        null,
        null,
        null,
        null,
        null,
        null,
        null,
        null,
        null,
        null,
        null,
        null,
        null,
        null,
        null,
        null,
        null,
        1,
        null,
        null,
        null,
        null,
        null,
        null,
        null,
        null,
        null,
        1,
        null,
        null,
        null,
        null,
        null,
        null,
        null,
        null,
        null,
        null,
        1,
        null,
        null,
        null,
        null,
        null,
        null,
        null,
        null,
        null,
        null,
        null,
        null,
        null,
        null,
        null,
        null,
        null,
        null,
        null,
        null,
        null,
        null,
        null,
        null,
        null,
        null,
        null,
        null,
        null,
        null,
        null,
        null,
        null,
        null,
        null,
        null,
        null,
        null,
        null,
        null,
        null,
        null,
        null,
        null,
        null,
        null,
        null,
        null,
        1,
        null,
        null,
        null,
        null,
        null,
        null,
        null,
        null,
        null,
        null,
        null,
        null,
        null,
        null,
        null,
        null,
        null,
        null,
        null,
        null,
        null,
        null,
        null,
        null,
        null,
        null,
        null,
        null,
        null,
        null,
        null,
        null,
        null,
        null,
        null,
        null,
        null,
        1,
        null,
        null,
        null,
        null,
        null,
        null,
        null,
        null,
        null,
        null,
        null,
        null,
        null,
        null,
        null,
        null,
        null,
        null,
        null,
        null,
        null,
        null,
        null,
        null,
        null,
        null,
        null,
        null,
        null,
        null,
        1,
        1,
        null
      ],
      "/Users/ianderse/Dropbox/Projects/Turing/Section_3/opentherapistdirectory/config/initializers/devise_async.rb": [
        1,
        1
      ],
      "/Users/ianderse/Dropbox/Projects/Turing/Section_3/opentherapistdirectory/config/initializers/filter_parameter_logging.rb": [
        null,
        null,
        null,
        1
      ],
      "/Users/ianderse/Dropbox/Projects/Turing/Section_3/opentherapistdirectory/config/initializers/inflections.rb": [
        null,
        null,
        null,
        null,
        null,
        null,
        null,
        null,
        null,
        null,
        null,
        null,
        null,
        null,
        null,
        null
      ],
      "/Users/ianderse/Dropbox/Projects/Turing/Section_3/opentherapistdirectory/config/initializers/mime_types.rb": [
        null,
        null,
        null,
        null
      ],
      "/Users/ianderse/Dropbox/Projects/Turing/Section_3/opentherapistdirectory/config/initializers/session_store.rb": [
        null,
        null,
        1
      ],
      "/Users/ianderse/Dropbox/Projects/Turing/Section_3/opentherapistdirectory/config/initializers/wrap_parameters.rb": [
        null,
        null,
        null,
        null,
        null,
        null,
        1,
        1,
        null,
        null,
        null,
        null,
        null,
        null
      ],
      "/Users/ianderse/Dropbox/Projects/Turing/Section_3/opentherapistdirectory/config/routes.rb": [
        1,
        null,
        1,
        1,
        1,
        1,
        null,
        1,
        1,
        1,
        1,
        1,
        1,
        null,
        null,
        null,
        1,
        1,
        null,
        1,
        1,
        null,
        null,
        1,
        1,
        1,
        1,
        1,
        1,
        1,
        1,
        1,
        1,
        1,
        1,
        null,
        1,
        null
      ],
      "/Users/ianderse/Dropbox/Projects/Turing/Section_3/opentherapistdirectory/app/models/user.rb": [
        1,
        1,
        1,
        null,
        null,
        null,
        1,
        null,
        1,
        6,
        6,
        6,
        null,
        0,
        0,
        0,
        null,
        0,
        null,
        null,
        null,
        null,
        null,
        null,
        null,
        null,
        null
      ],
      "/Users/ianderse/Dropbox/Projects/Turing/Section_3/opentherapistdirectory/app/controllers/api/v1/facilities_controller.rb": [
        1,
        1,
        null,
        1,
        0,
        null,
        null,
        1,
        0,
        null,
        0,
        null,
        null
      ],
      "/Users/ianderse/Dropbox/Projects/Turing/Section_3/opentherapistdirectory/app/controllers/api/v1/base_controller.rb": [
        1,
        null
      ],
      "/Users/ianderse/Dropbox/Projects/Turing/Section_3/opentherapistdirectory/app/helpers/application_helper.rb": [
        1,
        null
      ],
      "/Users/ianderse/Dropbox/Projects/Turing/Section_3/opentherapistdirectory/app/helpers/state_helper.rb": [
        1,
        1,
        null,
        null,
        null,
        null,
        null,
        null,
        null,
        null,
        null,
        null,
        null,
        null,
        null,
        null,
        null,
        null,
        null,
        null,
        null,
        null,
        null,
        null,
        null,
        null,
        null,
        null,
        null,
        null,
        null,
        null,
        null,
        null,
        null,
        null,
        null,
        null,
        null,
        null,
        null,
        null,
        null,
        null,
        null,
        null,
        null,
        null,
        null,
        null,
        null,
        null,
        null,
        null,
        null,
        0,
        null,
        null
      ],
      "/Users/ianderse/Dropbox/Projects/Turing/Section_3/opentherapistdirectory/app/mailers/contact_mailer.rb": [
        1,
        1,
        null,
        1,
        6,
        6,
        6,
        6,
        null,
        6,
        null,
        null
      ],
      "/Users/ianderse/Dropbox/Projects/Turing/Section_3/opentherapistdirectory/app/mailers/share_article_mailer.rb": [
        1,
        1,
        null,
        1,
        5,
        5,
        5,
        5,
        5,
        null,
        5,
        null,
        null
      ],
      "/Users/ianderse/Dropbox/Projects/Turing/Section_3/opentherapistdirectory/app/mailers/share_facility_mailer.rb": [
        1,
        1,
        null,
        1,
        4,
        4,
        4,
        4,
        null,
        4,
        null,
        null
      ],
      "/Users/ianderse/Dropbox/Projects/Turing/Section_3/opentherapistdirectory/app/models/facility.rb": [
        1,
        1,
        null,
        1,
        4,
        null,
        null,
        1,
        0,
        0,
        null,
        0,
        null,
        0,
        0,
        null,
        0,
        null,
        null,
        null,
        null
      ],
      "/Users/ianderse/Dropbox/Projects/Turing/Section_3/opentherapistdirectory/app/models/therapist.rb": [
        1,
        1,
        null,
        null
      ],
      "/Users/ianderse/Dropbox/Projects/Turing/Section_3/opentherapistdirectory/app/controllers/home_controller.rb": [
        1,
        1,
        null,
        null,
        null,
        1,
        null,
        null,
        null,
        1,
        0,
        0,
        0,
        null,
        null
      ],
      "/Users/ianderse/Dropbox/Projects/Turing/Section_3/opentherapistdirectory/app/controllers/application_controller.rb": [
        1,
        null,
        null,
        1,
        null,
        null
      ],
      "/Users/ianderse/Dropbox/Projects/Turing/Section_3/opentherapistdirectory/app/controllers/omniauth_callbacks_controller.rb": [
        1,
        1,
        6,
        6,
        6,
        6,
        6,
        null,
        0,
        0,
        null,
        null,
        null
      ],
      "/Users/ianderse/Dropbox/Projects/Turing/Section_3/opentherapistdirectory/app/controllers/articles_controller.rb": [
        1,
        1,
        1,
        3,
        3,
        null,
        null,
        1,
        2,
        2,
        null,
        2,
        1,
        null,
        null,
        null,
        1,
        0,
        0,
        0,
        null,
        null
      ],
      "/Users/ianderse/Dropbox/Projects/Turing/Section_3/opentherapistdirectory/app/controllers/facilities_controller.rb": [
        1,
        1,
        null,
        1,
        9,
        1,
        null,
        8,
        null,
        9,
        0,
        null,
        9,
        9,
        9,
        9,
        null,
        null,
        null,
        1,
        3,
        null,
        null,
        1,
        1,
        1,
        null,
        1,
        null,
        null,
        1,
        10,
        0,
        null,
        10,
        10,
        7,
        7,
        null,
        20,
        null,
        null,
        null,
        1,
        0,
        0,
        0,
        null,
        null
      ],
      "/Users/ianderse/Dropbox/Projects/Turing/Section_3/opentherapistdirectory/app/controllers/users_controller.rb": [
        1,
        1,
        3,
        2,
        2,
        2,
        null,
        null,
        1,
        1,
        null,
        null,
        null,
        1,
        0,
        0,
        0,
        null,
        0,
        0,
        null,
        null,
        null
      ],
      "/Users/ianderse/Dropbox/Projects/Turing/Section_3/opentherapistdirectory/app/controllers/registrations_controller.rb": [
        1,
        1,
        null,
        1,
        null,
        1,
        2,
        null,
        null
      ]
    },
    "timestamp": 1417658347
  }
}
